node:internal/modules/cjs/loader:1401
  const err = new Error(message);
              ^

Error: Cannot find module 'ws'
Require stack:
- /workspaces/data-folder/Nexus-5.0/runtime/nexus-runtime.v2.ts
    at node:internal/modules/cjs/loader:1401:15
    at nextResolveSimple (/home/codespace/.npm/_npx/fd45a72a545557e9/node_modules/tsx/dist/register-D46fvsV_.cjs:4:1004)
    at /home/codespace/.npm/_npx/fd45a72a545557e9/node_modules/tsx/dist/register-D46fvsV_.cjs:3:2630
    at /home/codespace/.npm/_npx/fd45a72a545557e9/node_modules/tsx/dist/register-D46fvsV_.cjs:3:1542
    at resolveTsPaths (/home/codespace/.npm/_npx/fd45a72a545557e9/node_modules/tsx/dist/register-D46fvsV_.cjs:4:760)
    at /home/codespace/.npm/_npx/fd45a72a545557e9/node_modules/tsx/dist/register-D46fvsV_.cjs:4:1102
    at m._resolveFilename (file:///home/codespace/.npm/_npx/fd45a72a545557e9/node_modules/tsx/dist/register-B7jrtLTO.mjs:1:789)
    at defaultResolveImpl (node:internal/modules/cjs/loader:1057:19)
    at resolveForCJSWithHooks (node:internal/modules/cjs/loader:1062:22)
    at Function._load (node:internal/modules/cjs/loader:1211:37) {
  code: 'MODULE_NOT_FOUND',
  requireStack: [ '/workspaces/data-folder/Nexus-5.0/runtime/nexus-runtime.v2.ts' ]
}

Node.js v22.17.0
